The system is: Linux - 3.18.22+ - aarch64
Compiling the C compiler identification source file "CMakeCCompilerId.c" succeeded.
Compiler: /data/data/io.neoterm/files/usr/bin/cc 
Build flags: 
Id flags:  

The output was:
0


Compilation of the C compiler identification source "CMakeCCompilerId.c" produced "a.out"

The C compiler identification is Clang, found in "/data/data/io.neoterm/files/home/ncc/build/CMakeFiles/3.9.4/CompilerIdC/a.out"

Compiling the CXX compiler identification source file "CMakeCXXCompilerId.cpp" succeeded.
Compiler: /data/data/io.neoterm/files/usr/bin/c++ 
Build flags: 
Id flags:  

The output was:
0


Compilation of the CXX compiler identification source "CMakeCXXCompilerId.cpp" produced "a.out"

The CXX compiler identification is Clang, found in "/data/data/io.neoterm/files/home/ncc/build/CMakeFiles/3.9.4/CompilerIdCXX/a.out"

Determining if the C compiler works passed with the following output:
Change Dir: /data/data/io.neoterm/files/home/ncc/build/CMakeFiles/CMakeTmp

Run Build Command:"/data/data/io.neoterm/files/usr/bin/make" "cmTC_18a2e/fast"
/data/data/io.neoterm/files/usr/bin/make -f CMakeFiles/cmTC_18a2e.dir/build.make CMakeFiles/cmTC_18a2e.dir/build
make[1]: Entering directory '/data/data/io.neoterm/files/home/ncc/build/CMakeFiles/CMakeTmp'
Building C object CMakeFiles/cmTC_18a2e.dir/testCCompiler.c.o
/data/data/io.neoterm/files/usr/bin/cc    -o CMakeFiles/cmTC_18a2e.dir/testCCompiler.c.o   -c /data/data/io.neoterm/files/home/ncc/build/CMakeFiles/CMakeTmp/testCCompiler.c
Linking C executable cmTC_18a2e
/data/data/io.neoterm/files/usr/bin/cmake -E cmake_link_script CMakeFiles/cmTC_18a2e.dir/link.txt --verbose=1
/data/data/io.neoterm/files/usr/bin/cc      -rdynamic CMakeFiles/cmTC_18a2e.dir/testCCompiler.c.o  -o cmTC_18a2e 
make[1]: Leaving directory '/data/data/io.neoterm/files/home/ncc/build/CMakeFiles/CMakeTmp'


Detecting C compiler ABI info compiled with the following output:
Change Dir: /data/data/io.neoterm/files/home/ncc/build/CMakeFiles/CMakeTmp

Run Build Command:"/data/data/io.neoterm/files/usr/bin/make" "cmTC_8b908/fast"
/data/data/io.neoterm/files/usr/bin/make -f CMakeFiles/cmTC_8b908.dir/build.make CMakeFiles/cmTC_8b908.dir/build
make[1]: Entering directory '/data/data/io.neoterm/files/home/ncc/build/CMakeFiles/CMakeTmp'
Building C object CMakeFiles/cmTC_8b908.dir/CMakeCCompilerABI.c.o
/data/data/io.neoterm/files/usr/bin/cc    -o CMakeFiles/cmTC_8b908.dir/CMakeCCompilerABI.c.o   -c /data/data/io.neoterm/files/usr/share/cmake-3.9/Modules/CMakeCCompilerABI.c
Linking C executable cmTC_8b908
/data/data/io.neoterm/files/usr/bin/cmake -E cmake_link_script CMakeFiles/cmTC_8b908.dir/link.txt --verbose=1
/data/data/io.neoterm/files/usr/bin/cc     -v -rdynamic CMakeFiles/cmTC_8b908.dir/CMakeCCompilerABI.c.o  -o cmTC_8b908 
clang version 5.0.0 (tags/RELEASE_500/final)
Target: aarch64--linux-android
Thread model: posix
InstalledDir: /data/data/io.neoterm/files/usr/bin
 "/data/data/io.neoterm/files/usr/bin/ld" -pie -export-dynamic --fix-cortex-a53-843419 --eh-frame-hdr -m aarch64linux -export-dynamic -dynamic-linker /system/bin/linker64 -o cmTC_8b908 /data/data/io.neoterm/files/usr/bin/../lib/crtbegin_dynamic.o -L/data/data/io.neoterm/files/usr/bin/../lib CMakeFiles/cmTC_8b908.dir/CMakeCCompilerABI.c.o -lgcc -ldl -lc -lgcc -ldl /data/data/io.neoterm/files/usr/bin/../lib/crtend_android.o
make[1]: Leaving directory '/data/data/io.neoterm/files/home/ncc/build/CMakeFiles/CMakeTmp'


Parsed C implicit link information from above output:
  link line regex: [^( *|.*[/\])(ld|CMAKE_LINK_STARTFILE-NOTFOUND|([^/\]+-)?ld|collect2)[^/\]*( |$)]
  ignore line: [Change Dir: /data/data/io.neoterm/files/home/ncc/build/CMakeFiles/CMakeTmp]
  ignore line: []
  ignore line: [Run Build Command:"/data/data/io.neoterm/files/usr/bin/make" "cmTC_8b908/fast"]
  ignore line: [/data/data/io.neoterm/files/usr/bin/make -f CMakeFiles/cmTC_8b908.dir/build.make CMakeFiles/cmTC_8b908.dir/build]
  ignore line: [make[1]: Entering directory '/data/data/io.neoterm/files/home/ncc/build/CMakeFiles/CMakeTmp']
  ignore line: [Building C object CMakeFiles/cmTC_8b908.dir/CMakeCCompilerABI.c.o]
  ignore line: [/data/data/io.neoterm/files/usr/bin/cc    -o CMakeFiles/cmTC_8b908.dir/CMakeCCompilerABI.c.o   -c /data/data/io.neoterm/files/usr/share/cmake-3.9/Modules/CMakeCCompilerABI.c]
  ignore line: [Linking C executable cmTC_8b908]
  ignore line: [/data/data/io.neoterm/files/usr/bin/cmake -E cmake_link_script CMakeFiles/cmTC_8b908.dir/link.txt --verbose=1]
  ignore line: [/data/data/io.neoterm/files/usr/bin/cc     -v -rdynamic CMakeFiles/cmTC_8b908.dir/CMakeCCompilerABI.c.o  -o cmTC_8b908 ]
  ignore line: [clang version 5.0.0 (tags/RELEASE_500/final)]
  ignore line: [Target: aarch64--linux-android]
  ignore line: [Thread model: posix]
  ignore line: [InstalledDir: /data/data/io.neoterm/files/usr/bin]
  link line: [ "/data/data/io.neoterm/files/usr/bin/ld" -pie -export-dynamic --fix-cortex-a53-843419 --eh-frame-hdr -m aarch64linux -export-dynamic -dynamic-linker /system/bin/linker64 -o cmTC_8b908 /data/data/io.neoterm/files/usr/bin/../lib/crtbegin_dynamic.o -L/data/data/io.neoterm/files/usr/bin/../lib CMakeFiles/cmTC_8b908.dir/CMakeCCompilerABI.c.o -lgcc -ldl -lc -lgcc -ldl /data/data/io.neoterm/files/usr/bin/../lib/crtend_android.o]
    arg [/data/data/io.neoterm/files/usr/bin/ld] ==> ignore
    arg [-pie] ==> ignore
    arg [-export-dynamic] ==> ignore
    arg [--fix-cortex-a53-843419] ==> ignore
    arg [--eh-frame-hdr] ==> ignore
    arg [-m] ==> ignore
    arg [aarch64linux] ==> ignore
    arg [-export-dynamic] ==> ignore
    arg [-dynamic-linker] ==> ignore
    arg [/system/bin/linker64] ==> ignore
    arg [-o] ==> ignore
    arg [cmTC_8b908] ==> ignore
    arg [/data/data/io.neoterm/files/usr/bin/../lib/crtbegin_dynamic.o] ==> ignore
    arg [-L/data/data/io.neoterm/files/usr/bin/../lib] ==> dir [/data/data/io.neoterm/files/usr/bin/../lib]
    arg [CMakeFiles/cmTC_8b908.dir/CMakeCCompilerABI.c.o] ==> ignore
    arg [-lgcc] ==> lib [gcc]
    arg [-ldl] ==> lib [dl]
    arg [-lc] ==> lib [c]
    arg [-lgcc] ==> lib [gcc]
    arg [-ldl] ==> lib [dl]
    arg [/data/data/io.neoterm/files/usr/bin/../lib/crtend_android.o] ==> ignore
  collapse library dir [/data/data/io.neoterm/files/usr/bin/../lib] ==> [/data/data/io.neoterm/files/usr/lib]
  implicit libs: [gcc;dl;c;gcc;dl]
  implicit dirs: [/data/data/io.neoterm/files/usr/lib]
  implicit fwks: []




Detecting C [-std=c11] compiler features compiled with the following output:
Change Dir: /data/data/io.neoterm/files/home/ncc/build/CMakeFiles/CMakeTmp

Run Build Command:"/data/data/io.neoterm/files/usr/bin/make" "cmTC_abd5d/fast"
/data/data/io.neoterm/files/usr/bin/make -f CMakeFiles/cmTC_abd5d.dir/build.make CMakeFiles/cmTC_abd5d.dir/build
make[1]: Entering directory '/data/data/io.neoterm/files/home/ncc/build/CMakeFiles/CMakeTmp'
Building C object CMakeFiles/cmTC_abd5d.dir/feature_tests.c.o
/data/data/io.neoterm/files/usr/bin/cc   -std=c11 -o CMakeFiles/cmTC_abd5d.dir/feature_tests.c.o   -c /data/data/io.neoterm/files/home/ncc/build/CMakeFiles/feature_tests.c
Linking C executable cmTC_abd5d
/data/data/io.neoterm/files/usr/bin/cmake -E cmake_link_script CMakeFiles/cmTC_abd5d.dir/link.txt --verbose=1
/data/data/io.neoterm/files/usr/bin/cc      -rdynamic CMakeFiles/cmTC_abd5d.dir/feature_tests.c.o  -o cmTC_abd5d 
make[1]: Leaving directory '/data/data/io.neoterm/files/home/ncc/build/CMakeFiles/CMakeTmp'


    Feature record: C_FEATURE:1c_function_prototypes
    Feature record: C_FEATURE:1c_restrict
    Feature record: C_FEATURE:1c_static_assert
    Feature record: C_FEATURE:1c_variadic_macros


Detecting C [-std=c99] compiler features compiled with the following output:
Change Dir: /data/data/io.neoterm/files/home/ncc/build/CMakeFiles/CMakeTmp

Run Build Command:"/data/data/io.neoterm/files/usr/bin/make" "cmTC_c0596/fast"
/data/data/io.neoterm/files/usr/bin/make -f CMakeFiles/cmTC_c0596.dir/build.make CMakeFiles/cmTC_c0596.dir/build
make[1]: Entering directory '/data/data/io.neoterm/files/home/ncc/build/CMakeFiles/CMakeTmp'
Building C object CMakeFiles/cmTC_c0596.dir/feature_tests.c.o
/data/data/io.neoterm/files/usr/bin/cc   -std=c99 -o CMakeFiles/cmTC_c0596.dir/feature_tests.c.o   -c /data/data/io.neoterm/files/home/ncc/build/CMakeFiles/feature_tests.c
Linking C executable cmTC_c0596
/data/data/io.neoterm/files/usr/bin/cmake -E cmake_link_script CMakeFiles/cmTC_c0596.dir/link.txt --verbose=1
/data/data/io.neoterm/files/usr/bin/cc      -rdynamic CMakeFiles/cmTC_c0596.dir/feature_tests.c.o  -o cmTC_c0596 
make[1]: Leaving directory '/data/data/io.neoterm/files/home/ncc/build/CMakeFiles/CMakeTmp'


    Feature record: C_FEATURE:1c_function_prototypes
    Feature record: C_FEATURE:1c_restrict
    Feature record: C_FEATURE:0c_static_assert
    Feature record: C_FEATURE:1c_variadic_macros


Detecting C [-std=c90] compiler features compiled with the following output:
Change Dir: /data/data/io.neoterm/files/home/ncc/build/CMakeFiles/CMakeTmp

Run Build Command:"/data/data/io.neoterm/files/usr/bin/make" "cmTC_eb8ce/fast"
/data/data/io.neoterm/files/usr/bin/make -f CMakeFiles/cmTC_eb8ce.dir/build.make CMakeFiles/cmTC_eb8ce.dir/build
make[1]: Entering directory '/data/data/io.neoterm/files/home/ncc/build/CMakeFiles/CMakeTmp'
Building C object CMakeFiles/cmTC_eb8ce.dir/feature_tests.c.o
/data/data/io.neoterm/files/usr/bin/cc   -std=c90 -o CMakeFiles/cmTC_eb8ce.dir/feature_tests.c.o   -c /data/data/io.neoterm/files/home/ncc/build/CMakeFiles/feature_tests.c
Linking C executable cmTC_eb8ce
/data/data/io.neoterm/files/usr/bin/cmake -E cmake_link_script CMakeFiles/cmTC_eb8ce.dir/link.txt --verbose=1
/data/data/io.neoterm/files/usr/bin/cc      -rdynamic CMakeFiles/cmTC_eb8ce.dir/feature_tests.c.o  -o cmTC_eb8ce 
make[1]: Leaving directory '/data/data/io.neoterm/files/home/ncc/build/CMakeFiles/CMakeTmp'


    Feature record: C_FEATURE:1c_function_prototypes
    Feature record: C_FEATURE:0c_restrict
    Feature record: C_FEATURE:0c_static_assert
    Feature record: C_FEATURE:0c_variadic_macros
Determining if the CXX compiler works passed with the following output:
Change Dir: /data/data/io.neoterm/files/home/ncc/build/CMakeFiles/CMakeTmp

Run Build Command:"/data/data/io.neoterm/files/usr/bin/make" "cmTC_553a4/fast"
/data/data/io.neoterm/files/usr/bin/make -f CMakeFiles/cmTC_553a4.dir/build.make CMakeFiles/cmTC_553a4.dir/build
make[1]: Entering directory '/data/data/io.neoterm/files/home/ncc/build/CMakeFiles/CMakeTmp'
Building CXX object CMakeFiles/cmTC_553a4.dir/testCXXCompiler.cxx.o
/data/data/io.neoterm/files/usr/bin/c++     -o CMakeFiles/cmTC_553a4.dir/testCXXCompiler.cxx.o -c /data/data/io.neoterm/files/home/ncc/build/CMakeFiles/CMakeTmp/testCXXCompiler.cxx
Linking CXX executable cmTC_553a4
/data/data/io.neoterm/files/usr/bin/cmake -E cmake_link_script CMakeFiles/cmTC_553a4.dir/link.txt --verbose=1
/data/data/io.neoterm/files/usr/bin/c++       -rdynamic CMakeFiles/cmTC_553a4.dir/testCXXCompiler.cxx.o  -o cmTC_553a4 
make[1]: Leaving directory '/data/data/io.neoterm/files/home/ncc/build/CMakeFiles/CMakeTmp'


Detecting CXX compiler ABI info compiled with the following output:
Change Dir: /data/data/io.neoterm/files/home/ncc/build/CMakeFiles/CMakeTmp

Run Build Command:"/data/data/io.neoterm/files/usr/bin/make" "cmTC_9ee22/fast"
/data/data/io.neoterm/files/usr/bin/make -f CMakeFiles/cmTC_9ee22.dir/build.make CMakeFiles/cmTC_9ee22.dir/build
make[1]: Entering directory '/data/data/io.neoterm/files/home/ncc/build/CMakeFiles/CMakeTmp'
Building CXX object CMakeFiles/cmTC_9ee22.dir/CMakeCXXCompilerABI.cpp.o
/data/data/io.neoterm/files/usr/bin/c++     -o CMakeFiles/cmTC_9ee22.dir/CMakeCXXCompilerABI.cpp.o -c /data/data/io.neoterm/files/usr/share/cmake-3.9/Modules/CMakeCXXCompilerABI.cpp
Linking CXX executable cmTC_9ee22
/data/data/io.neoterm/files/usr/bin/cmake -E cmake_link_script CMakeFiles/cmTC_9ee22.dir/link.txt --verbose=1
/data/data/io.neoterm/files/usr/bin/c++      -v -rdynamic CMakeFiles/cmTC_9ee22.dir/CMakeCXXCompilerABI.cpp.o  -o cmTC_9ee22 
clang version 5.0.0 (tags/RELEASE_500/final)
Target: aarch64--linux-android
Thread model: posix
InstalledDir: /data/data/io.neoterm/files/usr/bin
 "/data/data/io.neoterm/files/usr/bin/ld" -pie -export-dynamic --fix-cortex-a53-843419 --eh-frame-hdr -m aarch64linux -export-dynamic -dynamic-linker /system/bin/linker64 -o cmTC_9ee22 /data/data/io.neoterm/files/usr/bin/../lib/crtbegin_dynamic.o -L/data/data/io.neoterm/files/usr/bin/../lib CMakeFiles/cmTC_9ee22.dir/CMakeCXXCompilerABI.cpp.o -lc++_shared -lm -lgcc -lgcc -ldl -lc -lgcc -lgcc -ldl /data/data/io.neoterm/files/usr/bin/../lib/crtend_android.o
make[1]: Leaving directory '/data/data/io.neoterm/files/home/ncc/build/CMakeFiles/CMakeTmp'


Parsed CXX implicit link information from above output:
  link line regex: [^( *|.*[/\])(ld|CMAKE_LINK_STARTFILE-NOTFOUND|([^/\]+-)?ld|collect2)[^/\]*( |$)]
  ignore line: [Change Dir: /data/data/io.neoterm/files/home/ncc/build/CMakeFiles/CMakeTmp]
  ignore line: []
  ignore line: [Run Build Command:"/data/data/io.neoterm/files/usr/bin/make" "cmTC_9ee22/fast"]
  ignore line: [/data/data/io.neoterm/files/usr/bin/make -f CMakeFiles/cmTC_9ee22.dir/build.make CMakeFiles/cmTC_9ee22.dir/build]
  ignore line: [make[1]: Entering directory '/data/data/io.neoterm/files/home/ncc/build/CMakeFiles/CMakeTmp']
  ignore line: [Building CXX object CMakeFiles/cmTC_9ee22.dir/CMakeCXXCompilerABI.cpp.o]
  ignore line: [/data/data/io.neoterm/files/usr/bin/c++     -o CMakeFiles/cmTC_9ee22.dir/CMakeCXXCompilerABI.cpp.o -c /data/data/io.neoterm/files/usr/share/cmake-3.9/Modules/CMakeCXXCompilerABI.cpp]
  ignore line: [Linking CXX executable cmTC_9ee22]
  ignore line: [/data/data/io.neoterm/files/usr/bin/cmake -E cmake_link_script CMakeFiles/cmTC_9ee22.dir/link.txt --verbose=1]
  ignore line: [/data/data/io.neoterm/files/usr/bin/c++      -v -rdynamic CMakeFiles/cmTC_9ee22.dir/CMakeCXXCompilerABI.cpp.o  -o cmTC_9ee22 ]
  ignore line: [clang version 5.0.0 (tags/RELEASE_500/final)]
  ignore line: [Target: aarch64--linux-android]
  ignore line: [Thread model: posix]
  ignore line: [InstalledDir: /data/data/io.neoterm/files/usr/bin]
  link line: [ "/data/data/io.neoterm/files/usr/bin/ld" -pie -export-dynamic --fix-cortex-a53-843419 --eh-frame-hdr -m aarch64linux -export-dynamic -dynamic-linker /system/bin/linker64 -o cmTC_9ee22 /data/data/io.neoterm/files/usr/bin/../lib/crtbegin_dynamic.o -L/data/data/io.neoterm/files/usr/bin/../lib CMakeFiles/cmTC_9ee22.dir/CMakeCXXCompilerABI.cpp.o -lc++_shared -lm -lgcc -lgcc -ldl -lc -lgcc -lgcc -ldl /data/data/io.neoterm/files/usr/bin/../lib/crtend_android.o]
    arg [/data/data/io.neoterm/files/usr/bin/ld] ==> ignore
    arg [-pie] ==> ignore
    arg [-export-dynamic] ==> ignore
    arg [--fix-cortex-a53-843419] ==> ignore
    arg [--eh-frame-hdr] ==> ignore
    arg [-m] ==> ignore
    arg [aarch64linux] ==> ignore
    arg [-export-dynamic] ==> ignore
    arg [-dynamic-linker] ==> ignore
    arg [/system/bin/linker64] ==> ignore
    arg [-o] ==> ignore
    arg [cmTC_9ee22] ==> ignore
    arg [/data/data/io.neoterm/files/usr/bin/../lib/crtbegin_dynamic.o] ==> ignore
    arg [-L/data/data/io.neoterm/files/usr/bin/../lib] ==> dir [/data/data/io.neoterm/files/usr/bin/../lib]
    arg [CMakeFiles/cmTC_9ee22.dir/CMakeCXXCompilerABI.cpp.o] ==> ignore
    arg [-lc++_shared] ==> lib [c++_shared]
    arg [-lm] ==> lib [m]
    arg [-lgcc] ==> lib [gcc]
    arg [-lgcc] ==> lib [gcc]
    arg [-ldl] ==> lib [dl]
    arg [-lc] ==> lib [c]
    arg [-lgcc] ==> lib [gcc]
    arg [-lgcc] ==> lib [gcc]
    arg [-ldl] ==> lib [dl]
    arg [/data/data/io.neoterm/files/usr/bin/../lib/crtend_android.o] ==> ignore
  collapse library dir [/data/data/io.neoterm/files/usr/bin/../lib] ==> [/data/data/io.neoterm/files/usr/lib]
  implicit libs: [c++_shared;m;gcc;gcc;dl;c;gcc;gcc;dl]
  implicit dirs: [/data/data/io.neoterm/files/usr/lib]
  implicit fwks: []




Detecting CXX [-std=c++1z] compiler features compiled with the following output:
Change Dir: /data/data/io.neoterm/files/home/ncc/build/CMakeFiles/CMakeTmp

Run Build Command:"/data/data/io.neoterm/files/usr/bin/make" "cmTC_eaa6b/fast"
/data/data/io.neoterm/files/usr/bin/make -f CMakeFiles/cmTC_eaa6b.dir/build.make CMakeFiles/cmTC_eaa6b.dir/build
make[1]: Entering directory '/data/data/io.neoterm/files/home/ncc/build/CMakeFiles/CMakeTmp'
Building CXX object CMakeFiles/cmTC_eaa6b.dir/feature_tests.cxx.o
/data/data/io.neoterm/files/usr/bin/c++    -std=c++1z -o CMakeFiles/cmTC_eaa6b.dir/feature_tests.cxx.o -c /data/data/io.neoterm/files/home/ncc/build/CMakeFiles/feature_tests.cxx
Linking CXX executable cmTC_eaa6b
/data/data/io.neoterm/files/usr/bin/cmake -E cmake_link_script CMakeFiles/cmTC_eaa6b.dir/link.txt --verbose=1
/data/data/io.neoterm/files/usr/bin/c++       -rdynamic CMakeFiles/cmTC_eaa6b.dir/feature_tests.cxx.o  -o cmTC_eaa6b 
make[1]: Leaving directory '/data/data/io.neoterm/files/home/ncc/build/CMakeFiles/CMakeTmp'


    Feature record: CXX_FEATURE:1cxx_aggregate_default_initializers
    Feature record: CXX_FEATURE:1cxx_alias_templates
    Feature record: CXX_FEATURE:1cxx_alignas
    Feature record: CXX_FEATURE:1cxx_alignof
    Feature record: CXX_FEATURE:1cxx_attributes
    Feature record: CXX_FEATURE:1cxx_attribute_deprecated
    Feature record: CXX_FEATURE:1cxx_auto_type
    Feature record: CXX_FEATURE:1cxx_binary_literals
    Feature record: CXX_FEATURE:1cxx_constexpr
    Feature record: CXX_FEATURE:1cxx_contextual_conversions
    Feature record: CXX_FEATURE:1cxx_decltype
    Feature record: CXX_FEATURE:1cxx_decltype_auto
    Feature record: CXX_FEATURE:1cxx_decltype_incomplete_return_types
    Feature record: CXX_FEATURE:1cxx_default_function_template_args
    Feature record: CXX_FEATURE:1cxx_defaulted_functions
    Feature record: CXX_FEATURE:1cxx_defaulted_move_initializers
    Feature record: CXX_FEATURE:1cxx_delegating_constructors
    Feature record: CXX_FEATURE:1cxx_deleted_functions
    Feature record: CXX_FEATURE:1cxx_digit_separators
    Feature record: CXX_FEATURE:1cxx_enum_forward_declarations
    Feature record: CXX_FEATURE:1cxx_explicit_conversions
    Feature record: CXX_FEATURE:1cxx_extended_friend_declarations
    Feature record: CXX_FEATURE:1cxx_extern_templates
    Feature record: CXX_FEATURE:1cxx_final
    Feature record: CXX_FEATURE:1cxx_func_identifier
    Feature record: CXX_FEATURE:1cxx_generalized_initializers
    Feature record: CXX_FEATURE:1cxx_generic_lambdas
    Feature record: CXX_FEATURE:1cxx_inheriting_constructors
    Feature record: CXX_FEATURE:1cxx_inline_namespaces
    Feature record: CXX_FEATURE:1cxx_lambdas
    Feature record: CXX_FEATURE:1cxx_lambda_init_captures
    Feature record: CXX_FEATURE:1cxx_local_type_template_args
    Feature record: CXX_FEATURE:1cxx_long_long_type
    Feature record: CXX_FEATURE:1cxx_noexcept
    Feature record: CXX_FEATURE:1cxx_nonstatic_member_init
    Feature record: CXX_FEATURE:1cxx_nullptr
    Feature record: CXX_FEATURE:1cxx_override
    Feature record: CXX_FEATURE:1cxx_range_for
    Feature record: CXX_FEATURE:1cxx_raw_string_literals
    Feature record: CXX_FEATURE:1cxx_reference_qualified_functions
    Feature record: CXX_FEATURE:1cxx_relaxed_constexpr
    Feature record: CXX_FEATURE:1cxx_return_type_deduction
    Feature record: CXX_FEATURE:1cxx_right_angle_brackets
    Feature record: CXX_FEATURE:1cxx_rvalue_references
    Feature record: CXX_FEATURE:1cxx_sizeof_member
    Feature record: CXX_FEATURE:1cxx_static_assert
    Feature record: CXX_FEATURE:1cxx_strong_enums
    Feature record: CXX_FEATURE:1cxx_template_template_parameters
    Feature record: CXX_FEATURE:1cxx_thread_local
    Feature record: CXX_FEATURE:1cxx_trailing_return_types
    Feature record: CXX_FEATURE:1cxx_unicode_literals
    Feature record: CXX_FEATURE:1cxx_uniform_initialization
    Feature record: CXX_FEATURE:1cxx_unrestricted_unions
    Feature record: CXX_FEATURE:1cxx_user_literals
    Feature record: CXX_FEATURE:1cxx_variable_templates
    Feature record: CXX_FEATURE:1cxx_variadic_macros
    Feature record: CXX_FEATURE:1cxx_variadic_templates


Detecting CXX [-std=c++14] compiler features compiled with the following output:
Change Dir: /data/data/io.neoterm/files/home/ncc/build/CMakeFiles/CMakeTmp

Run Build Command:"/data/data/io.neoterm/files/usr/bin/make" "cmTC_f9830/fast"
/data/data/io.neoterm/files/usr/bin/make -f CMakeFiles/cmTC_f9830.dir/build.make CMakeFiles/cmTC_f9830.dir/build
make[1]: Entering directory '/data/data/io.neoterm/files/home/ncc/build/CMakeFiles/CMakeTmp'
Building CXX object CMakeFiles/cmTC_f9830.dir/feature_tests.cxx.o
/data/data/io.neoterm/files/usr/bin/c++    -std=c++14 -o CMakeFiles/cmTC_f9830.dir/feature_tests.cxx.o -c /data/data/io.neoterm/files/home/ncc/build/CMakeFiles/feature_tests.cxx
Linking CXX executable cmTC_f9830
/data/data/io.neoterm/files/usr/bin/cmake -E cmake_link_script CMakeFiles/cmTC_f9830.dir/link.txt --verbose=1
/data/data/io.neoterm/files/usr/bin/c++       -rdynamic CMakeFiles/cmTC_f9830.dir/feature_tests.cxx.o  -o cmTC_f9830 
make[1]: Leaving directory '/data/data/io.neoterm/files/home/ncc/build/CMakeFiles/CMakeTmp'


    Feature record: CXX_FEATURE:1cxx_aggregate_default_initializers
    Feature record: CXX_FEATURE:1cxx_alias_templates
    Feature record: CXX_FEATURE:1cxx_alignas
    Feature record: CXX_FEATURE:1cxx_alignof
    Feature record: CXX_FEATURE:1cxx_attributes
    Feature record: CXX_FEATURE:1cxx_attribute_deprecated
    Feature record: CXX_FEATURE:1cxx_auto_type
    Feature record: CXX_FEATURE:1cxx_binary_literals
    Feature record: CXX_FEATURE:1cxx_constexpr
    Feature record: CXX_FEATURE:1cxx_contextual_conversions
    Feature record: CXX_FEATURE:1cxx_decltype
    Feature record: CXX_FEATURE:1cxx_decltype_auto
    Feature record: CXX_FEATURE:1cxx_decltype_incomplete_return_types
    Feature record: CXX_FEATURE:1cxx_default_function_template_args
    Feature record: CXX_FEATURE:1cxx_defaulted_functions
    Feature record: CXX_FEATURE:1cxx_defaulted_move_initializers
    Feature record: CXX_FEATURE:1cxx_delegating_constructors
    Feature record: CXX_FEATURE:1cxx_deleted_functions
    Feature record: CXX_FEATURE:1cxx_digit_separators
    Feature record: CXX_FEATURE:1cxx_enum_forward_declarations
    Feature record: CXX_FEATURE:1cxx_explicit_conversions
    Feature record: CXX_FEATURE:1cxx_extended_friend_declarations
    Feature record: CXX_FEATURE:1cxx_extern_templates
    Feature record: CXX_FEATURE:1cxx_final
    Feature record: CXX_FEATURE:1cxx_func_identifier
    Feature record: CXX_FEATURE:1cxx_generalized_initializers
    Feature record: CXX_FEATURE:1cxx_generic_lambdas
    Feature record: CXX_FEATURE:1cxx_inheriting_constructors
    Feature record: CXX_FEATURE:1cxx_inline_namespaces
    Feature record: CXX_FEATURE:1cxx_lambdas
    Feature record: CXX_FEATURE:1cxx_lambda_init_captures
    Feature record: CXX_FEATURE:1cxx_local_type_template_args
    Feature record: CXX_FEATURE:1cxx_long_long_type
    Feature record: CXX_FEATURE:1cxx_noexcept
    Feature record: CXX_FEATURE:1cxx_nonstatic_member_init
    Feature record: CXX_FEATURE:1cxx_nullptr
    Feature record: CXX_FEATURE:1cxx_override
    Feature record: CXX_FEATURE:1cxx_range_for
    Feature record: CXX_FEATURE:1cxx_raw_string_literals
    Feature record: CXX_FEATURE:1cxx_reference_qualified_functions
    Feature record: CXX_FEATURE:1cxx_relaxed_constexpr
    Feature record: CXX_FEATURE:1cxx_return_type_deduction
    Feature record: CXX_FEATURE:1cxx_right_angle_brackets
    Feature record: CXX_FEATURE:1cxx_rvalue_references
    Feature record: CXX_FEATURE:1cxx_sizeof_member
    Feature record: CXX_FEATURE:1cxx_static_assert
    Feature record: CXX_FEATURE:1cxx_strong_enums
    Feature record: CXX_FEATURE:1cxx_template_template_parameters
    Feature record: CXX_FEATURE:1cxx_thread_local
    Feature record: CXX_FEATURE:1cxx_trailing_return_types
    Feature record: CXX_FEATURE:1cxx_unicode_literals
    Feature record: CXX_FEATURE:1cxx_uniform_initialization
    Feature record: CXX_FEATURE:1cxx_unrestricted_unions
    Feature record: CXX_FEATURE:1cxx_user_literals
    Feature record: CXX_FEATURE:1cxx_variable_templates
    Feature record: CXX_FEATURE:1cxx_variadic_macros
    Feature record: CXX_FEATURE:1cxx_variadic_templates


Detecting CXX [-std=c++11] compiler features compiled with the following output:
Change Dir: /data/data/io.neoterm/files/home/ncc/build/CMakeFiles/CMakeTmp

Run Build Command:"/data/data/io.neoterm/files/usr/bin/make" "cmTC_1fed7/fast"
/data/data/io.neoterm/files/usr/bin/make -f CMakeFiles/cmTC_1fed7.dir/build.make CMakeFiles/cmTC_1fed7.dir/build
make[1]: Entering directory '/data/data/io.neoterm/files/home/ncc/build/CMakeFiles/CMakeTmp'
Building CXX object CMakeFiles/cmTC_1fed7.dir/feature_tests.cxx.o
/data/data/io.neoterm/files/usr/bin/c++    -std=c++11 -o CMakeFiles/cmTC_1fed7.dir/feature_tests.cxx.o -c /data/data/io.neoterm/files/home/ncc/build/CMakeFiles/feature_tests.cxx
Linking CXX executable cmTC_1fed7
/data/data/io.neoterm/files/usr/bin/cmake -E cmake_link_script CMakeFiles/cmTC_1fed7.dir/link.txt --verbose=1
/data/data/io.neoterm/files/usr/bin/c++       -rdynamic CMakeFiles/cmTC_1fed7.dir/feature_tests.cxx.o  -o cmTC_1fed7 
make[1]: Leaving directory '/data/data/io.neoterm/files/home/ncc/build/CMakeFiles/CMakeTmp'


    Feature record: CXX_FEATURE:0cxx_aggregate_default_initializers
    Feature record: CXX_FEATURE:1cxx_alias_templates
    Feature record: CXX_FEATURE:1cxx_alignas
    Feature record: CXX_FEATURE:1cxx_alignof
    Feature record: CXX_FEATURE:1cxx_attributes
    Feature record: CXX_FEATURE:0cxx_attribute_deprecated
    Feature record: CXX_FEATURE:1cxx_auto_type
    Feature record: CXX_FEATURE:0cxx_binary_literals
    Feature record: CXX_FEATURE:1cxx_constexpr
    Feature record: CXX_FEATURE:0cxx_contextual_conversions
    Feature record: CXX_FEATURE:1cxx_decltype
    Feature record: CXX_FEATURE:0cxx_decltype_auto
    Feature record: CXX_FEATURE:1cxx_decltype_incomplete_return_types
    Feature record: CXX_FEATURE:1cxx_default_function_template_args
    Feature record: CXX_FEATURE:1cxx_defaulted_functions
    Feature record: CXX_FEATURE:1cxx_defaulted_move_initializers
    Feature record: CXX_FEATURE:1cxx_delegating_constructors
    Feature record: CXX_FEATURE:1cxx_deleted_functions
    Feature record: CXX_FEATURE:0cxx_digit_separators
    Feature record: CXX_FEATURE:1cxx_enum_forward_declarations
    Feature record: CXX_FEATURE:1cxx_explicit_conversions
    Feature record: CXX_FEATURE:1cxx_extended_friend_declarations
    Feature record: CXX_FEATURE:1cxx_extern_templates
    Feature record: CXX_FEATURE:1cxx_final
    Feature record: CXX_FEATURE:1cxx_func_identifier
    Feature record: CXX_FEATURE:1cxx_generalized_initializers
    Feature record: CXX_FEATURE:0cxx_generic_lambdas
    Feature record: CXX_FEATURE:1cxx_inheriting_constructors
    Feature record: CXX_FEATURE:1cxx_inline_namespaces
    Feature record: CXX_FEATURE:1cxx_lambdas
    Feature record: CXX_FEATURE:0cxx_lambda_init_captures
    Feature record: CXX_FEATURE:1cxx_local_type_template_args
    Feature record: CXX_FEATURE:1cxx_long_long_type
    Feature record: CXX_FEATURE:1cxx_noexcept
    Feature record: CXX_FEATURE:1cxx_nonstatic_member_init
    Feature record: CXX_FEATURE:1cxx_nullptr
    Feature record: CXX_FEATURE:1cxx_override
    Feature record: CXX_FEATURE:1cxx_range_for
    Feature record: CXX_FEATURE:1cxx_raw_string_literals
    Feature record: CXX_FEATURE:1cxx_reference_qualified_functions
    Feature record: CXX_FEATURE:0cxx_relaxed_constexpr
    Feature record: CXX_FEATURE:0cxx_return_type_deduction
    Feature record: CXX_FEATURE:1cxx_right_angle_brackets
    Feature record: CXX_FEATURE:1cxx_rvalue_references
    Feature record: CXX_FEATURE:1cxx_sizeof_member
    Feature record: CXX_FEATURE:1cxx_static_assert
    Feature record: CXX_FEATURE:1cxx_strong_enums
    Feature record: CXX_FEATURE:1cxx_template_template_parameters
    Feature record: CXX_FEATURE:1cxx_thread_local
    Feature record: CXX_FEATURE:1cxx_trailing_return_types
    Feature record: CXX_FEATURE:1cxx_unicode_literals
    Feature record: CXX_FEATURE:1cxx_uniform_initialization
    Feature record: CXX_FEATURE:1cxx_unrestricted_unions
    Feature record: CXX_FEATURE:1cxx_user_literals
    Feature record: CXX_FEATURE:0cxx_variable_templates
    Feature record: CXX_FEATURE:1cxx_variadic_macros
    Feature record: CXX_FEATURE:1cxx_variadic_templates


Detecting CXX [-std=c++98] compiler features compiled with the following output:
Change Dir: /data/data/io.neoterm/files/home/ncc/build/CMakeFiles/CMakeTmp

Run Build Command:"/data/data/io.neoterm/files/usr/bin/make" "cmTC_2922c/fast"
/data/data/io.neoterm/files/usr/bin/make -f CMakeFiles/cmTC_2922c.dir/build.make CMakeFiles/cmTC_2922c.dir/build
make[1]: Entering directory '/data/data/io.neoterm/files/home/ncc/build/CMakeFiles/CMakeTmp'
Building CXX object CMakeFiles/cmTC_2922c.dir/feature_tests.cxx.o
/data/data/io.neoterm/files/usr/bin/c++    -std=c++98 -o CMakeFiles/cmTC_2922c.dir/feature_tests.cxx.o -c /data/data/io.neoterm/files/home/ncc/build/CMakeFiles/feature_tests.cxx
Linking CXX executable cmTC_2922c
/data/data/io.neoterm/files/usr/bin/cmake -E cmake_link_script CMakeFiles/cmTC_2922c.dir/link.txt --verbose=1
/data/data/io.neoterm/files/usr/bin/c++       -rdynamic CMakeFiles/cmTC_2922c.dir/feature_tests.cxx.o  -o cmTC_2922c 
make[1]: Leaving directory '/data/data/io.neoterm/files/home/ncc/build/CMakeFiles/CMakeTmp'


    Feature record: CXX_FEATURE:0cxx_aggregate_default_initializers
    Feature record: CXX_FEATURE:0cxx_alias_templates
    Feature record: CXX_FEATURE:0cxx_alignas
    Feature record: CXX_FEATURE:0cxx_alignof
    Feature record: CXX_FEATURE:0cxx_attributes
    Feature record: CXX_FEATURE:0cxx_attribute_deprecated
    Feature record: CXX_FEATURE:0cxx_auto_type
    Feature record: CXX_FEATURE:0cxx_binary_literals
    Feature record: CXX_FEATURE:0cxx_constexpr
    Feature record: CXX_FEATURE:0cxx_contextual_conversions
    Feature record: CXX_FEATURE:0cxx_decltype
    Feature record: CXX_FEATURE:0cxx_decltype_auto
    Feature record: CXX_FEATURE:0cxx_decltype_incomplete_return_types
    Feature record: CXX_FEATURE:0cxx_default_function_template_args
    Feature record: CXX_FEATURE:0cxx_defaulted_functions
    Feature record: CXX_FEATURE:0cxx_defaulted_move_initializers
    Feature record: CXX_FEATURE:0cxx_delegating_constructors
    Feature record: CXX_FEATURE:0cxx_deleted_functions
    Feature record: CXX_FEATURE:0cxx_digit_separators
    Feature record: CXX_FEATURE:0cxx_enum_forward_declarations
    Feature record: CXX_FEATURE:0cxx_explicit_conversions
    Feature record: CXX_FEATURE:0cxx_extended_friend_declarations
    Feature record: CXX_FEATURE:0cxx_extern_templates
    Feature record: CXX_FEATURE:0cxx_final
    Feature record: CXX_FEATURE:0cxx_func_identifier
    Feature record: CXX_FEATURE:0cxx_generalized_initializers
    Feature record: CXX_FEATURE:0cxx_generic_lambdas
    Feature record: CXX_FEATURE:0cxx_inheriting_constructors
    Feature record: CXX_FEATURE:0cxx_inline_namespaces
    Feature record: CXX_FEATURE:0cxx_lambdas
    Feature record: CXX_FEATURE:0cxx_lambda_init_captures
    Feature record: CXX_FEATURE:0cxx_local_type_template_args
    Feature record: CXX_FEATURE:0cxx_long_long_type
    Feature record: CXX_FEATURE:0cxx_noexcept
    Feature record: CXX_FEATURE:0cxx_nonstatic_member_init
    Feature record: CXX_FEATURE:0cxx_nullptr
    Feature record: CXX_FEATURE:0cxx_override
    Feature record: CXX_FEATURE:0cxx_range_for
    Feature record: CXX_FEATURE:0cxx_raw_string_literals
    Feature record: CXX_FEATURE:0cxx_reference_qualified_functions
    Feature record: CXX_FEATURE:0cxx_relaxed_constexpr
    Feature record: CXX_FEATURE:0cxx_return_type_deduction
    Feature record: CXX_FEATURE:0cxx_right_angle_brackets
    Feature record: CXX_FEATURE:0cxx_rvalue_references
    Feature record: CXX_FEATURE:0cxx_sizeof_member
    Feature record: CXX_FEATURE:0cxx_static_assert
    Feature record: CXX_FEATURE:0cxx_strong_enums
    Feature record: CXX_FEATURE:1cxx_template_template_parameters
    Feature record: CXX_FEATURE:0cxx_thread_local
    Feature record: CXX_FEATURE:0cxx_trailing_return_types
    Feature record: CXX_FEATURE:0cxx_unicode_literals
    Feature record: CXX_FEATURE:0cxx_uniform_initialization
    Feature record: CXX_FEATURE:0cxx_unrestricted_unions
    Feature record: CXX_FEATURE:0cxx_user_literals
    Feature record: CXX_FEATURE:0cxx_variable_templates
    Feature record: CXX_FEATURE:0cxx_variadic_macros
    Feature record: CXX_FEATURE:0cxx_variadic_templates
The system is: Linux - 3.18.22+ - aarch64
Compiling the C compiler identification source file "CMakeCCompilerId.c" succeeded.
Compiler: /data/data/io.neoterm/files/usr/bin/cc 
Build flags: 
Id flags:  

The output was:
0


Compilation of the C compiler identification source "CMakeCCompilerId.c" produced "a.out"

The C compiler identification is Clang, found in "/data/data/io.neoterm/files/home/ncc/build/CMakeFiles/3.9.4/CompilerIdC/a.out"

Compiling the CXX compiler identification source file "CMakeCXXCompilerId.cpp" succeeded.
Compiler: /data/data/io.neoterm/files/usr/bin/c++ 
Build flags: 
Id flags:  

The output was:
0


Compilation of the CXX compiler identification source "CMakeCXXCompilerId.cpp" produced "a.out"

The CXX compiler identification is Clang, found in "/data/data/io.neoterm/files/home/ncc/build/CMakeFiles/3.9.4/CompilerIdCXX/a.out"

Determining if the C compiler works passed with the following output:
Change Dir: /data/data/io.neoterm/files/home/ncc/build/CMakeFiles/CMakeTmp

Run Build Command:"/data/data/io.neoterm/files/usr/bin/make" "cmTC_0044f/fast"
make[1]: Entering directory '/data/data/io.neoterm/files/home/ncc/build/CMakeFiles/CMakeTmp'
/data/data/io.neoterm/files/usr/bin/make -f CMakeFiles/cmTC_0044f.dir/build.make CMakeFiles/cmTC_0044f.dir/build
make[2]: Entering directory '/data/data/io.neoterm/files/home/ncc/build/CMakeFiles/CMakeTmp'
Building C object CMakeFiles/cmTC_0044f.dir/testCCompiler.c.o
/data/data/io.neoterm/files/usr/bin/cc    -o CMakeFiles/cmTC_0044f.dir/testCCompiler.c.o   -c /data/data/io.neoterm/files/home/ncc/build/CMakeFiles/CMakeTmp/testCCompiler.c
Linking C executable cmTC_0044f
/data/data/io.neoterm/files/usr/bin/cmake -E cmake_link_script CMakeFiles/cmTC_0044f.dir/link.txt --verbose=1
/data/data/io.neoterm/files/usr/bin/cc      -rdynamic CMakeFiles/cmTC_0044f.dir/testCCompiler.c.o  -o cmTC_0044f 
make[2]: Leaving directory '/data/data/io.neoterm/files/home/ncc/build/CMakeFiles/CMakeTmp'
make[1]: Leaving directory '/data/data/io.neoterm/files/home/ncc/build/CMakeFiles/CMakeTmp'


Detecting C compiler ABI info compiled with the following output:
Change Dir: /data/data/io.neoterm/files/home/ncc/build/CMakeFiles/CMakeTmp

Run Build Command:"/data/data/io.neoterm/files/usr/bin/make" "cmTC_13cc3/fast"
make[1]: Entering directory '/data/data/io.neoterm/files/home/ncc/build/CMakeFiles/CMakeTmp'
/data/data/io.neoterm/files/usr/bin/make -f CMakeFiles/cmTC_13cc3.dir/build.make CMakeFiles/cmTC_13cc3.dir/build
make[2]: Entering directory '/data/data/io.neoterm/files/home/ncc/build/CMakeFiles/CMakeTmp'
Building C object CMakeFiles/cmTC_13cc3.dir/CMakeCCompilerABI.c.o
/data/data/io.neoterm/files/usr/bin/cc    -o CMakeFiles/cmTC_13cc3.dir/CMakeCCompilerABI.c.o   -c /data/data/io.neoterm/files/usr/share/cmake-3.9/Modules/CMakeCCompilerABI.c
Linking C executable cmTC_13cc3
/data/data/io.neoterm/files/usr/bin/cmake -E cmake_link_script CMakeFiles/cmTC_13cc3.dir/link.txt --verbose=1
/data/data/io.neoterm/files/usr/bin/cc     -v -rdynamic CMakeFiles/cmTC_13cc3.dir/CMakeCCompilerABI.c.o  -o cmTC_13cc3 
clang version 5.0.0 (tags/RELEASE_500/final)
Target: aarch64--linux-android
Thread model: posix
InstalledDir: /data/data/io.neoterm/files/usr/bin
 "/data/data/io.neoterm/files/usr/bin/ld" -pie -export-dynamic --fix-cortex-a53-843419 --eh-frame-hdr -m aarch64linux -export-dynamic -dynamic-linker /system/bin/linker64 -o cmTC_13cc3 /data/data/io.neoterm/files/usr/bin/../lib/crtbegin_dynamic.o -L/data/data/io.neoterm/files/usr/bin/../lib CMakeFiles/cmTC_13cc3.dir/CMakeCCompilerABI.c.o -lgcc -ldl -lc -lgcc -ldl /data/data/io.neoterm/files/usr/bin/../lib/crtend_android.o
make[2]: Leaving directory '/data/data/io.neoterm/files/home/ncc/build/CMakeFiles/CMakeTmp'
make[1]: Leaving directory '/data/data/io.neoterm/files/home/ncc/build/CMakeFiles/CMakeTmp'


Parsed C implicit link information from above output:
  link line regex: [^( *|.*[/\])(ld|CMAKE_LINK_STARTFILE-NOTFOUND|([^/\]+-)?ld|collect2)[^/\]*( |$)]
  ignore line: [Change Dir: /data/data/io.neoterm/files/home/ncc/build/CMakeFiles/CMakeTmp]
  ignore line: []
  ignore line: [Run Build Command:"/data/data/io.neoterm/files/usr/bin/make" "cmTC_13cc3/fast"]
  ignore line: [make[1]: Entering directory '/data/data/io.neoterm/files/home/ncc/build/CMakeFiles/CMakeTmp']
  ignore line: [/data/data/io.neoterm/files/usr/bin/make -f CMakeFiles/cmTC_13cc3.dir/build.make CMakeFiles/cmTC_13cc3.dir/build]
  ignore line: [make[2]: Entering directory '/data/data/io.neoterm/files/home/ncc/build/CMakeFiles/CMakeTmp']
  ignore line: [Building C object CMakeFiles/cmTC_13cc3.dir/CMakeCCompilerABI.c.o]
  ignore line: [/data/data/io.neoterm/files/usr/bin/cc    -o CMakeFiles/cmTC_13cc3.dir/CMakeCCompilerABI.c.o   -c /data/data/io.neoterm/files/usr/share/cmake-3.9/Modules/CMakeCCompilerABI.c]
  ignore line: [Linking C executable cmTC_13cc3]
  ignore line: [/data/data/io.neoterm/files/usr/bin/cmake -E cmake_link_script CMakeFiles/cmTC_13cc3.dir/link.txt --verbose=1]
  ignore line: [/data/data/io.neoterm/files/usr/bin/cc     -v -rdynamic CMakeFiles/cmTC_13cc3.dir/CMakeCCompilerABI.c.o  -o cmTC_13cc3 ]
  ignore line: [clang version 5.0.0 (tags/RELEASE_500/final)]
  ignore line: [Target: aarch64--linux-android]
  ignore line: [Thread model: posix]
  ignore line: [InstalledDir: /data/data/io.neoterm/files/usr/bin]
  link line: [ "/data/data/io.neoterm/files/usr/bin/ld" -pie -export-dynamic --fix-cortex-a53-843419 --eh-frame-hdr -m aarch64linux -export-dynamic -dynamic-linker /system/bin/linker64 -o cmTC_13cc3 /data/data/io.neoterm/files/usr/bin/../lib/crtbegin_dynamic.o -L/data/data/io.neoterm/files/usr/bin/../lib CMakeFiles/cmTC_13cc3.dir/CMakeCCompilerABI.c.o -lgcc -ldl -lc -lgcc -ldl /data/data/io.neoterm/files/usr/bin/../lib/crtend_android.o]
    arg [/data/data/io.neoterm/files/usr/bin/ld] ==> ignore
    arg [-pie] ==> ignore
    arg [-export-dynamic] ==> ignore
    arg [--fix-cortex-a53-843419] ==> ignore
    arg [--eh-frame-hdr] ==> ignore
    arg [-m] ==> ignore
    arg [aarch64linux] ==> ignore
    arg [-export-dynamic] ==> ignore
    arg [-dynamic-linker] ==> ignore
    arg [/system/bin/linker64] ==> ignore
    arg [-o] ==> ignore
    arg [cmTC_13cc3] ==> ignore
    arg [/data/data/io.neoterm/files/usr/bin/../lib/crtbegin_dynamic.o] ==> ignore
    arg [-L/data/data/io.neoterm/files/usr/bin/../lib] ==> dir [/data/data/io.neoterm/files/usr/bin/../lib]
    arg [CMakeFiles/cmTC_13cc3.dir/CMakeCCompilerABI.c.o] ==> ignore
    arg [-lgcc] ==> lib [gcc]
    arg [-ldl] ==> lib [dl]
    arg [-lc] ==> lib [c]
    arg [-lgcc] ==> lib [gcc]
    arg [-ldl] ==> lib [dl]
    arg [/data/data/io.neoterm/files/usr/bin/../lib/crtend_android.o] ==> ignore
  collapse library dir [/data/data/io.neoterm/files/usr/bin/../lib] ==> [/data/data/io.neoterm/files/usr/lib]
  implicit libs: [gcc;dl;c;gcc;dl]
  implicit dirs: [/data/data/io.neoterm/files/usr/lib]
  implicit fwks: []




Detecting C [-std=c11] compiler features compiled with the following output:
Change Dir: /data/data/io.neoterm/files/home/ncc/build/CMakeFiles/CMakeTmp

Run Build Command:"/data/data/io.neoterm/files/usr/bin/make" "cmTC_5ef50/fast"
make[1]: Entering directory '/data/data/io.neoterm/files/home/ncc/build/CMakeFiles/CMakeTmp'
/data/data/io.neoterm/files/usr/bin/make -f CMakeFiles/cmTC_5ef50.dir/build.make CMakeFiles/cmTC_5ef50.dir/build
make[2]: Entering directory '/data/data/io.neoterm/files/home/ncc/build/CMakeFiles/CMakeTmp'
Building C object CMakeFiles/cmTC_5ef50.dir/feature_tests.c.o
/data/data/io.neoterm/files/usr/bin/cc   -std=c11 -o CMakeFiles/cmTC_5ef50.dir/feature_tests.c.o   -c /data/data/io.neoterm/files/home/ncc/build/CMakeFiles/feature_tests.c
Linking C executable cmTC_5ef50
/data/data/io.neoterm/files/usr/bin/cmake -E cmake_link_script CMakeFiles/cmTC_5ef50.dir/link.txt --verbose=1
/data/data/io.neoterm/files/usr/bin/cc      -rdynamic CMakeFiles/cmTC_5ef50.dir/feature_tests.c.o  -o cmTC_5ef50 
make[2]: Leaving directory '/data/data/io.neoterm/files/home/ncc/build/CMakeFiles/CMakeTmp'
make[1]: Leaving directory '/data/data/io.neoterm/files/home/ncc/build/CMakeFiles/CMakeTmp'


    Feature record: C_FEATURE:1c_function_prototypes
    Feature record: C_FEATURE:1c_restrict
    Feature record: C_FEATURE:1c_static_assert
    Feature record: C_FEATURE:1c_variadic_macros


Detecting C [-std=c99] compiler features compiled with the following output:
Change Dir: /data/data/io.neoterm/files/home/ncc/build/CMakeFiles/CMakeTmp

Run Build Command:"/data/data/io.neoterm/files/usr/bin/make" "cmTC_9ef1e/fast"
make[1]: Entering directory '/data/data/io.neoterm/files/home/ncc/build/CMakeFiles/CMakeTmp'
/data/data/io.neoterm/files/usr/bin/make -f CMakeFiles/cmTC_9ef1e.dir/build.make CMakeFiles/cmTC_9ef1e.dir/build
make[2]: Entering directory '/data/data/io.neoterm/files/home/ncc/build/CMakeFiles/CMakeTmp'
Building C object CMakeFiles/cmTC_9ef1e.dir/feature_tests.c.o
/data/data/io.neoterm/files/usr/bin/cc   -std=c99 -o CMakeFiles/cmTC_9ef1e.dir/feature_tests.c.o   -c /data/data/io.neoterm/files/home/ncc/build/CMakeFiles/feature_tests.c
Linking C executable cmTC_9ef1e
/data/data/io.neoterm/files/usr/bin/cmake -E cmake_link_script CMakeFiles/cmTC_9ef1e.dir/link.txt --verbose=1
/data/data/io.neoterm/files/usr/bin/cc      -rdynamic CMakeFiles/cmTC_9ef1e.dir/feature_tests.c.o  -o cmTC_9ef1e 
make[2]: Leaving directory '/data/data/io.neoterm/files/home/ncc/build/CMakeFiles/CMakeTmp'
make[1]: Leaving directory '/data/data/io.neoterm/files/home/ncc/build/CMakeFiles/CMakeTmp'


    Feature record: C_FEATURE:1c_function_prototypes
    Feature record: C_FEATURE:1c_restrict
    Feature record: C_FEATURE:0c_static_assert
    Feature record: C_FEATURE:1c_variadic_macros


Detecting C [-std=c90] compiler features compiled with the following output:
Change Dir: /data/data/io.neoterm/files/home/ncc/build/CMakeFiles/CMakeTmp

Run Build Command:"/data/data/io.neoterm/files/usr/bin/make" "cmTC_662f5/fast"
make[1]: Entering directory '/data/data/io.neoterm/files/home/ncc/build/CMakeFiles/CMakeTmp'
/data/data/io.neoterm/files/usr/bin/make -f CMakeFiles/cmTC_662f5.dir/build.make CMakeFiles/cmTC_662f5.dir/build
make[2]: Entering directory '/data/data/io.neoterm/files/home/ncc/build/CMakeFiles/CMakeTmp'
Building C object CMakeFiles/cmTC_662f5.dir/feature_tests.c.o
/data/data/io.neoterm/files/usr/bin/cc   -std=c90 -o CMakeFiles/cmTC_662f5.dir/feature_tests.c.o   -c /data/data/io.neoterm/files/home/ncc/build/CMakeFiles/feature_tests.c
Linking C executable cmTC_662f5
/data/data/io.neoterm/files/usr/bin/cmake -E cmake_link_script CMakeFiles/cmTC_662f5.dir/link.txt --verbose=1
/data/data/io.neoterm/files/usr/bin/cc      -rdynamic CMakeFiles/cmTC_662f5.dir/feature_tests.c.o  -o cmTC_662f5 
make[2]: Leaving directory '/data/data/io.neoterm/files/home/ncc/build/CMakeFiles/CMakeTmp'
make[1]: Leaving directory '/data/data/io.neoterm/files/home/ncc/build/CMakeFiles/CMakeTmp'


    Feature record: C_FEATURE:1c_function_prototypes
    Feature record: C_FEATURE:0c_restrict
    Feature record: C_FEATURE:0c_static_assert
    Feature record: C_FEATURE:0c_variadic_macros
Determining if the CXX compiler works passed with the following output:
Change Dir: /data/data/io.neoterm/files/home/ncc/build/CMakeFiles/CMakeTmp

Run Build Command:"/data/data/io.neoterm/files/usr/bin/make" "cmTC_cc250/fast"
make[1]: Entering directory '/data/data/io.neoterm/files/home/ncc/build/CMakeFiles/CMakeTmp'
/data/data/io.neoterm/files/usr/bin/make -f CMakeFiles/cmTC_cc250.dir/build.make CMakeFiles/cmTC_cc250.dir/build
make[2]: Entering directory '/data/data/io.neoterm/files/home/ncc/build/CMakeFiles/CMakeTmp'
Building CXX object CMakeFiles/cmTC_cc250.dir/testCXXCompiler.cxx.o
/data/data/io.neoterm/files/usr/bin/c++     -o CMakeFiles/cmTC_cc250.dir/testCXXCompiler.cxx.o -c /data/data/io.neoterm/files/home/ncc/build/CMakeFiles/CMakeTmp/testCXXCompiler.cxx
Linking CXX executable cmTC_cc250
/data/data/io.neoterm/files/usr/bin/cmake -E cmake_link_script CMakeFiles/cmTC_cc250.dir/link.txt --verbose=1
/data/data/io.neoterm/files/usr/bin/c++       -rdynamic CMakeFiles/cmTC_cc250.dir/testCXXCompiler.cxx.o  -o cmTC_cc250 
make[2]: Leaving directory '/data/data/io.neoterm/files/home/ncc/build/CMakeFiles/CMakeTmp'
make[1]: Leaving directory '/data/data/io.neoterm/files/home/ncc/build/CMakeFiles/CMakeTmp'


Detecting CXX compiler ABI info compiled with the following output:
Change Dir: /data/data/io.neoterm/files/home/ncc/build/CMakeFiles/CMakeTmp

Run Build Command:"/data/data/io.neoterm/files/usr/bin/make" "cmTC_3194a/fast"
make[1]: Entering directory '/data/data/io.neoterm/files/home/ncc/build/CMakeFiles/CMakeTmp'
/data/data/io.neoterm/files/usr/bin/make -f CMakeFiles/cmTC_3194a.dir/build.make CMakeFiles/cmTC_3194a.dir/build
make[2]: Entering directory '/data/data/io.neoterm/files/home/ncc/build/CMakeFiles/CMakeTmp'
Building CXX object CMakeFiles/cmTC_3194a.dir/CMakeCXXCompilerABI.cpp.o
/data/data/io.neoterm/files/usr/bin/c++     -o CMakeFiles/cmTC_3194a.dir/CMakeCXXCompilerABI.cpp.o -c /data/data/io.neoterm/files/usr/share/cmake-3.9/Modules/CMakeCXXCompilerABI.cpp
Linking CXX executable cmTC_3194a
/data/data/io.neoterm/files/usr/bin/cmake -E cmake_link_script CMakeFiles/cmTC_3194a.dir/link.txt --verbose=1
/data/data/io.neoterm/files/usr/bin/c++      -v -rdynamic CMakeFiles/cmTC_3194a.dir/CMakeCXXCompilerABI.cpp.o  -o cmTC_3194a 
clang version 5.0.0 (tags/RELEASE_500/final)
Target: aarch64--linux-android
Thread model: posix
InstalledDir: /data/data/io.neoterm/files/usr/bin
 "/data/data/io.neoterm/files/usr/bin/ld" -pie -export-dynamic --fix-cortex-a53-843419 --eh-frame-hdr -m aarch64linux -export-dynamic -dynamic-linker /system/bin/linker64 -o cmTC_3194a /data/data/io.neoterm/files/usr/bin/../lib/crtbegin_dynamic.o -L/data/data/io.neoterm/files/usr/bin/../lib CMakeFiles/cmTC_3194a.dir/CMakeCXXCompilerABI.cpp.o -lc++_shared -lm -lgcc -lgcc -ldl -lc -lgcc -lgcc -ldl /data/data/io.neoterm/files/usr/bin/../lib/crtend_android.o
make[2]: Leaving directory '/data/data/io.neoterm/files/home/ncc/build/CMakeFiles/CMakeTmp'
make[1]: Leaving directory '/data/data/io.neoterm/files/home/ncc/build/CMakeFiles/CMakeTmp'


Parsed CXX implicit link information from above output:
  link line regex: [^( *|.*[/\])(ld|CMAKE_LINK_STARTFILE-NOTFOUND|([^/\]+-)?ld|collect2)[^/\]*( |$)]
  ignore line: [Change Dir: /data/data/io.neoterm/files/home/ncc/build/CMakeFiles/CMakeTmp]
  ignore line: []
  ignore line: [Run Build Command:"/data/data/io.neoterm/files/usr/bin/make" "cmTC_3194a/fast"]
  ignore line: [make[1]: Entering directory '/data/data/io.neoterm/files/home/ncc/build/CMakeFiles/CMakeTmp']
  ignore line: [/data/data/io.neoterm/files/usr/bin/make -f CMakeFiles/cmTC_3194a.dir/build.make CMakeFiles/cmTC_3194a.dir/build]
  ignore line: [make[2]: Entering directory '/data/data/io.neoterm/files/home/ncc/build/CMakeFiles/CMakeTmp']
  ignore line: [Building CXX object CMakeFiles/cmTC_3194a.dir/CMakeCXXCompilerABI.cpp.o]
  ignore line: [/data/data/io.neoterm/files/usr/bin/c++     -o CMakeFiles/cmTC_3194a.dir/CMakeCXXCompilerABI.cpp.o -c /data/data/io.neoterm/files/usr/share/cmake-3.9/Modules/CMakeCXXCompilerABI.cpp]
  ignore line: [Linking CXX executable cmTC_3194a]
  ignore line: [/data/data/io.neoterm/files/usr/bin/cmake -E cmake_link_script CMakeFiles/cmTC_3194a.dir/link.txt --verbose=1]
  ignore line: [/data/data/io.neoterm/files/usr/bin/c++      -v -rdynamic CMakeFiles/cmTC_3194a.dir/CMakeCXXCompilerABI.cpp.o  -o cmTC_3194a ]
  ignore line: [clang version 5.0.0 (tags/RELEASE_500/final)]
  ignore line: [Target: aarch64--linux-android]
  ignore line: [Thread model: posix]
  ignore line: [InstalledDir: /data/data/io.neoterm/files/usr/bin]
  link line: [ "/data/data/io.neoterm/files/usr/bin/ld" -pie -export-dynamic --fix-cortex-a53-843419 --eh-frame-hdr -m aarch64linux -export-dynamic -dynamic-linker /system/bin/linker64 -o cmTC_3194a /data/data/io.neoterm/files/usr/bin/../lib/crtbegin_dynamic.o -L/data/data/io.neoterm/files/usr/bin/../lib CMakeFiles/cmTC_3194a.dir/CMakeCXXCompilerABI.cpp.o -lc++_shared -lm -lgcc -lgcc -ldl -lc -lgcc -lgcc -ldl /data/data/io.neoterm/files/usr/bin/../lib/crtend_android.o]
    arg [/data/data/io.neoterm/files/usr/bin/ld] ==> ignore
    arg [-pie] ==> ignore
    arg [-export-dynamic] ==> ignore
    arg [--fix-cortex-a53-843419] ==> ignore
    arg [--eh-frame-hdr] ==> ignore
    arg [-m] ==> ignore
    arg [aarch64linux] ==> ignore
    arg [-export-dynamic] ==> ignore
    arg [-dynamic-linker] ==> ignore
    arg [/system/bin/linker64] ==> ignore
    arg [-o] ==> ignore
    arg [cmTC_3194a] ==> ignore
    arg [/data/data/io.neoterm/files/usr/bin/../lib/crtbegin_dynamic.o] ==> ignore
    arg [-L/data/data/io.neoterm/files/usr/bin/../lib] ==> dir [/data/data/io.neoterm/files/usr/bin/../lib]
    arg [CMakeFiles/cmTC_3194a.dir/CMakeCXXCompilerABI.cpp.o] ==> ignore
    arg [-lc++_shared] ==> lib [c++_shared]
    arg [-lm] ==> lib [m]
    arg [-lgcc] ==> lib [gcc]
    arg [-lgcc] ==> lib [gcc]
    arg [-ldl] ==> lib [dl]
    arg [-lc] ==> lib [c]
    arg [-lgcc] ==> lib [gcc]
    arg [-lgcc] ==> lib [gcc]
    arg [-ldl] ==> lib [dl]
    arg [/data/data/io.neoterm/files/usr/bin/../lib/crtend_android.o] ==> ignore
  collapse library dir [/data/data/io.neoterm/files/usr/bin/../lib] ==> [/data/data/io.neoterm/files/usr/lib]
  implicit libs: [c++_shared;m;gcc;gcc;dl;c;gcc;gcc;dl]
  implicit dirs: [/data/data/io.neoterm/files/usr/lib]
  implicit fwks: []




Detecting CXX [-std=c++1z] compiler features compiled with the following output:
Change Dir: /data/data/io.neoterm/files/home/ncc/build/CMakeFiles/CMakeTmp

Run Build Command:"/data/data/io.neoterm/files/usr/bin/make" "cmTC_3d356/fast"
make[1]: Entering directory '/data/data/io.neoterm/files/home/ncc/build/CMakeFiles/CMakeTmp'
/data/data/io.neoterm/files/usr/bin/make -f CMakeFiles/cmTC_3d356.dir/build.make CMakeFiles/cmTC_3d356.dir/build
make[2]: Entering directory '/data/data/io.neoterm/files/home/ncc/build/CMakeFiles/CMakeTmp'
Building CXX object CMakeFiles/cmTC_3d356.dir/feature_tests.cxx.o
/data/data/io.neoterm/files/usr/bin/c++    -std=c++1z -o CMakeFiles/cmTC_3d356.dir/feature_tests.cxx.o -c /data/data/io.neoterm/files/home/ncc/build/CMakeFiles/feature_tests.cxx
Linking CXX executable cmTC_3d356
/data/data/io.neoterm/files/usr/bin/cmake -E cmake_link_script CMakeFiles/cmTC_3d356.dir/link.txt --verbose=1
/data/data/io.neoterm/files/usr/bin/c++       -rdynamic CMakeFiles/cmTC_3d356.dir/feature_tests.cxx.o  -o cmTC_3d356 
make[2]: Leaving directory '/data/data/io.neoterm/files/home/ncc/build/CMakeFiles/CMakeTmp'
make[1]: Leaving directory '/data/data/io.neoterm/files/home/ncc/build/CMakeFiles/CMakeTmp'


    Feature record: CXX_FEATURE:1cxx_aggregate_default_initializers
    Feature record: CXX_FEATURE:1cxx_alias_templates
    Feature record: CXX_FEATURE:1cxx_alignas
    Feature record: CXX_FEATURE:1cxx_alignof
    Feature record: CXX_FEATURE:1cxx_attributes
    Feature record: CXX_FEATURE:1cxx_attribute_deprecated
    Feature record: CXX_FEATURE:1cxx_auto_type
    Feature record: CXX_FEATURE:1cxx_binary_literals
    Feature record: CXX_FEATURE:1cxx_constexpr
    Feature record: CXX_FEATURE:1cxx_contextual_conversions
    Feature record: CXX_FEATURE:1cxx_decltype
    Feature record: CXX_FEATURE:1cxx_decltype_auto
    Feature record: CXX_FEATURE:1cxx_decltype_incomplete_return_types
    Feature record: CXX_FEATURE:1cxx_default_function_template_args
    Feature record: CXX_FEATURE:1cxx_defaulted_functions
    Feature record: CXX_FEATURE:1cxx_defaulted_move_initializers
    Feature record: CXX_FEATURE:1cxx_delegating_constructors
    Feature record: CXX_FEATURE:1cxx_deleted_functions
    Feature record: CXX_FEATURE:1cxx_digit_separators
    Feature record: CXX_FEATURE:1cxx_enum_forward_declarations
    Feature record: CXX_FEATURE:1cxx_explicit_conversions
    Feature record: CXX_FEATURE:1cxx_extended_friend_declarations
    Feature record: CXX_FEATURE:1cxx_extern_templates
    Feature record: CXX_FEATURE:1cxx_final
    Feature record: CXX_FEATURE:1cxx_func_identifier
    Feature record: CXX_FEATURE:1cxx_generalized_initializers
    Feature record: CXX_FEATURE:1cxx_generic_lambdas
    Feature record: CXX_FEATURE:1cxx_inheriting_constructors
    Feature record: CXX_FEATURE:1cxx_inline_namespaces
    Feature record: CXX_FEATURE:1cxx_lambdas
    Feature record: CXX_FEATURE:1cxx_lambda_init_captures
    Feature record: CXX_FEATURE:1cxx_local_type_template_args
    Feature record: CXX_FEATURE:1cxx_long_long_type
    Feature record: CXX_FEATURE:1cxx_noexcept
    Feature record: CXX_FEATURE:1cxx_nonstatic_member_init
    Feature record: CXX_FEATURE:1cxx_nullptr
    Feature record: CXX_FEATURE:1cxx_override
    Feature record: CXX_FEATURE:1cxx_range_for
    Feature record: CXX_FEATURE:1cxx_raw_string_literals
    Feature record: CXX_FEATURE:1cxx_reference_qualified_functions
    Feature record: CXX_FEATURE:1cxx_relaxed_constexpr
    Feature record: CXX_FEATURE:1cxx_return_type_deduction
    Feature record: CXX_FEATURE:1cxx_right_angle_brackets
    Feature record: CXX_FEATURE:1cxx_rvalue_references
    Feature record: CXX_FEATURE:1cxx_sizeof_member
    Feature record: CXX_FEATURE:1cxx_static_assert
    Feature record: CXX_FEATURE:1cxx_strong_enums
    Feature record: CXX_FEATURE:1cxx_template_template_parameters
    Feature record: CXX_FEATURE:1cxx_thread_local
    Feature record: CXX_FEATURE:1cxx_trailing_return_types
    Feature record: CXX_FEATURE:1cxx_unicode_literals
    Feature record: CXX_FEATURE:1cxx_uniform_initialization
    Feature record: CXX_FEATURE:1cxx_unrestricted_unions
    Feature record: CXX_FEATURE:1cxx_user_literals
    Feature record: CXX_FEATURE:1cxx_variable_templates
    Feature record: CXX_FEATURE:1cxx_variadic_macros
    Feature record: CXX_FEATURE:1cxx_variadic_templates


Detecting CXX [-std=c++14] compiler features compiled with the following output:
Change Dir: /data/data/io.neoterm/files/home/ncc/build/CMakeFiles/CMakeTmp

Run Build Command:"/data/data/io.neoterm/files/usr/bin/make" "cmTC_a95aa/fast"
make[1]: Entering directory '/data/data/io.neoterm/files/home/ncc/build/CMakeFiles/CMakeTmp'
/data/data/io.neoterm/files/usr/bin/make -f CMakeFiles/cmTC_a95aa.dir/build.make CMakeFiles/cmTC_a95aa.dir/build
make[2]: Entering directory '/data/data/io.neoterm/files/home/ncc/build/CMakeFiles/CMakeTmp'
Building CXX object CMakeFiles/cmTC_a95aa.dir/feature_tests.cxx.o
/data/data/io.neoterm/files/usr/bin/c++    -std=c++14 -o CMakeFiles/cmTC_a95aa.dir/feature_tests.cxx.o -c /data/data/io.neoterm/files/home/ncc/build/CMakeFiles/feature_tests.cxx
Linking CXX executable cmTC_a95aa
/data/data/io.neoterm/files/usr/bin/cmake -E cmake_link_script CMakeFiles/cmTC_a95aa.dir/link.txt --verbose=1
/data/data/io.neoterm/files/usr/bin/c++       -rdynamic CMakeFiles/cmTC_a95aa.dir/feature_tests.cxx.o  -o cmTC_a95aa 
make[2]: Leaving directory '/data/data/io.neoterm/files/home/ncc/build/CMakeFiles/CMakeTmp'
make[1]: Leaving directory '/data/data/io.neoterm/files/home/ncc/build/CMakeFiles/CMakeTmp'


    Feature record: CXX_FEATURE:1cxx_aggregate_default_initializers
    Feature record: CXX_FEATURE:1cxx_alias_templates
    Feature record: CXX_FEATURE:1cxx_alignas
    Feature record: CXX_FEATURE:1cxx_alignof
    Feature record: CXX_FEATURE:1cxx_attributes
    Feature record: CXX_FEATURE:1cxx_attribute_deprecated
    Feature record: CXX_FEATURE:1cxx_auto_type
    Feature record: CXX_FEATURE:1cxx_binary_literals
    Feature record: CXX_FEATURE:1cxx_constexpr
    Feature record: CXX_FEATURE:1cxx_contextual_conversions
    Feature record: CXX_FEATURE:1cxx_decltype
    Feature record: CXX_FEATURE:1cxx_decltype_auto
    Feature record: CXX_FEATURE:1cxx_decltype_incomplete_return_types
    Feature record: CXX_FEATURE:1cxx_default_function_template_args
    Feature record: CXX_FEATURE:1cxx_defaulted_functions
    Feature record: CXX_FEATURE:1cxx_defaulted_move_initializers
    Feature record: CXX_FEATURE:1cxx_delegating_constructors
    Feature record: CXX_FEATURE:1cxx_deleted_functions
    Feature record: CXX_FEATURE:1cxx_digit_separators
    Feature record: CXX_FEATURE:1cxx_enum_forward_declarations
    Feature record: CXX_FEATURE:1cxx_explicit_conversions
    Feature record: CXX_FEATURE:1cxx_extended_friend_declarations
    Feature record: CXX_FEATURE:1cxx_extern_templates
    Feature record: CXX_FEATURE:1cxx_final
    Feature record: CXX_FEATURE:1cxx_func_identifier
    Feature record: CXX_FEATURE:1cxx_generalized_initializers
    Feature record: CXX_FEATURE:1cxx_generic_lambdas
    Feature record: CXX_FEATURE:1cxx_inheriting_constructors
    Feature record: CXX_FEATURE:1cxx_inline_namespaces
    Feature record: CXX_FEATURE:1cxx_lambdas
    Feature record: CXX_FEATURE:1cxx_lambda_init_captures
    Feature record: CXX_FEATURE:1cxx_local_type_template_args
    Feature record: CXX_FEATURE:1cxx_long_long_type
    Feature record: CXX_FEATURE:1cxx_noexcept
    Feature record: CXX_FEATURE:1cxx_nonstatic_member_init
    Feature record: CXX_FEATURE:1cxx_nullptr
    Feature record: CXX_FEATURE:1cxx_override
    Feature record: CXX_FEATURE:1cxx_range_for
    Feature record: CXX_FEATURE:1cxx_raw_string_literals
    Feature record: CXX_FEATURE:1cxx_reference_qualified_functions
    Feature record: CXX_FEATURE:1cxx_relaxed_constexpr
    Feature record: CXX_FEATURE:1cxx_return_type_deduction
    Feature record: CXX_FEATURE:1cxx_right_angle_brackets
    Feature record: CXX_FEATURE:1cxx_rvalue_references
    Feature record: CXX_FEATURE:1cxx_sizeof_member
    Feature record: CXX_FEATURE:1cxx_static_assert
    Feature record: CXX_FEATURE:1cxx_strong_enums
    Feature record: CXX_FEATURE:1cxx_template_template_parameters
    Feature record: CXX_FEATURE:1cxx_thread_local
    Feature record: CXX_FEATURE:1cxx_trailing_return_types
    Feature record: CXX_FEATURE:1cxx_unicode_literals
    Feature record: CXX_FEATURE:1cxx_uniform_initialization
    Feature record: CXX_FEATURE:1cxx_unrestricted_unions
    Feature record: CXX_FEATURE:1cxx_user_literals
    Feature record: CXX_FEATURE:1cxx_variable_templates
    Feature record: CXX_FEATURE:1cxx_variadic_macros
    Feature record: CXX_FEATURE:1cxx_variadic_templates


Detecting CXX [-std=c++11] compiler features compiled with the following output:
Change Dir: /data/data/io.neoterm/files/home/ncc/build/CMakeFiles/CMakeTmp

Run Build Command:"/data/data/io.neoterm/files/usr/bin/make" "cmTC_823ee/fast"
make[1]: Entering directory '/data/data/io.neoterm/files/home/ncc/build/CMakeFiles/CMakeTmp'
/data/data/io.neoterm/files/usr/bin/make -f CMakeFiles/cmTC_823ee.dir/build.make CMakeFiles/cmTC_823ee.dir/build
make[2]: Entering directory '/data/data/io.neoterm/files/home/ncc/build/CMakeFiles/CMakeTmp'
Building CXX object CMakeFiles/cmTC_823ee.dir/feature_tests.cxx.o
/data/data/io.neoterm/files/usr/bin/c++    -std=c++11 -o CMakeFiles/cmTC_823ee.dir/feature_tests.cxx.o -c /data/data/io.neoterm/files/home/ncc/build/CMakeFiles/feature_tests.cxx
Linking CXX executable cmTC_823ee
/data/data/io.neoterm/files/usr/bin/cmake -E cmake_link_script CMakeFiles/cmTC_823ee.dir/link.txt --verbose=1
/data/data/io.neoterm/files/usr/bin/c++       -rdynamic CMakeFiles/cmTC_823ee.dir/feature_tests.cxx.o  -o cmTC_823ee 
make[2]: Leaving directory '/data/data/io.neoterm/files/home/ncc/build/CMakeFiles/CMakeTmp'
make[1]: Leaving directory '/data/data/io.neoterm/files/home/ncc/build/CMakeFiles/CMakeTmp'


    Feature record: CXX_FEATURE:0cxx_aggregate_default_initializers
    Feature record: CXX_FEATURE:1cxx_alias_templates
    Feature record: CXX_FEATURE:1cxx_alignas
    Feature record: CXX_FEATURE:1cxx_alignof
    Feature record: CXX_FEATURE:1cxx_attributes
    Feature record: CXX_FEATURE:0cxx_attribute_deprecated
    Feature record: CXX_FEATURE:1cxx_auto_type
    Feature record: CXX_FEATURE:0cxx_binary_literals
    Feature record: CXX_FEATURE:1cxx_constexpr
    Feature record: CXX_FEATURE:0cxx_contextual_conversions
    Feature record: CXX_FEATURE:1cxx_decltype
    Feature record: CXX_FEATURE:0cxx_decltype_auto
    Feature record: CXX_FEATURE:1cxx_decltype_incomplete_return_types
    Feature record: CXX_FEATURE:1cxx_default_function_template_args
    Feature record: CXX_FEATURE:1cxx_defaulted_functions
    Feature record: CXX_FEATURE:1cxx_defaulted_move_initializers
    Feature record: CXX_FEATURE:1cxx_delegating_constructors
    Feature record: CXX_FEATURE:1cxx_deleted_functions
    Feature record: CXX_FEATURE:0cxx_digit_separators
    Feature record: CXX_FEATURE:1cxx_enum_forward_declarations
    Feature record: CXX_FEATURE:1cxx_explicit_conversions
    Feature record: CXX_FEATURE:1cxx_extended_friend_declarations
    Feature record: CXX_FEATURE:1cxx_extern_templates
    Feature record: CXX_FEATURE:1cxx_final
    Feature record: CXX_FEATURE:1cxx_func_identifier
    Feature record: CXX_FEATURE:1cxx_generalized_initializers
    Feature record: CXX_FEATURE:0cxx_generic_lambdas
    Feature record: CXX_FEATURE:1cxx_inheriting_constructors
    Feature record: CXX_FEATURE:1cxx_inline_namespaces
    Feature record: CXX_FEATURE:1cxx_lambdas
    Feature record: CXX_FEATURE:0cxx_lambda_init_captures
    Feature record: CXX_FEATURE:1cxx_local_type_template_args
    Feature record: CXX_FEATURE:1cxx_long_long_type
    Feature record: CXX_FEATURE:1cxx_noexcept
    Feature record: CXX_FEATURE:1cxx_nonstatic_member_init
    Feature record: CXX_FEATURE:1cxx_nullptr
    Feature record: CXX_FEATURE:1cxx_override
    Feature record: CXX_FEATURE:1cxx_range_for
    Feature record: CXX_FEATURE:1cxx_raw_string_literals
    Feature record: CXX_FEATURE:1cxx_reference_qualified_functions
    Feature record: CXX_FEATURE:0cxx_relaxed_constexpr
    Feature record: CXX_FEATURE:0cxx_return_type_deduction
    Feature record: CXX_FEATURE:1cxx_right_angle_brackets
    Feature record: CXX_FEATURE:1cxx_rvalue_references
    Feature record: CXX_FEATURE:1cxx_sizeof_member
    Feature record: CXX_FEATURE:1cxx_static_assert
    Feature record: CXX_FEATURE:1cxx_strong_enums
    Feature record: CXX_FEATURE:1cxx_template_template_parameters
    Feature record: CXX_FEATURE:1cxx_thread_local
    Feature record: CXX_FEATURE:1cxx_trailing_return_types
    Feature record: CXX_FEATURE:1cxx_unicode_literals
    Feature record: CXX_FEATURE:1cxx_uniform_initialization
    Feature record: CXX_FEATURE:1cxx_unrestricted_unions
    Feature record: CXX_FEATURE:1cxx_user_literals
    Feature record: CXX_FEATURE:0cxx_variable_templates
    Feature record: CXX_FEATURE:1cxx_variadic_macros
    Feature record: CXX_FEATURE:1cxx_variadic_templates


Detecting CXX [-std=c++98] compiler features compiled with the following output:
Change Dir: /data/data/io.neoterm/files/home/ncc/build/CMakeFiles/CMakeTmp

Run Build Command:"/data/data/io.neoterm/files/usr/bin/make" "cmTC_ef4bb/fast"
make[1]: Entering directory '/data/data/io.neoterm/files/home/ncc/build/CMakeFiles/CMakeTmp'
/data/data/io.neoterm/files/usr/bin/make -f CMakeFiles/cmTC_ef4bb.dir/build.make CMakeFiles/cmTC_ef4bb.dir/build
make[2]: Entering directory '/data/data/io.neoterm/files/home/ncc/build/CMakeFiles/CMakeTmp'
Building CXX object CMakeFiles/cmTC_ef4bb.dir/feature_tests.cxx.o
/data/data/io.neoterm/files/usr/bin/c++    -std=c++98 -o CMakeFiles/cmTC_ef4bb.dir/feature_tests.cxx.o -c /data/data/io.neoterm/files/home/ncc/build/CMakeFiles/feature_tests.cxx
Linking CXX executable cmTC_ef4bb
/data/data/io.neoterm/files/usr/bin/cmake -E cmake_link_script CMakeFiles/cmTC_ef4bb.dir/link.txt --verbose=1
/data/data/io.neoterm/files/usr/bin/c++       -rdynamic CMakeFiles/cmTC_ef4bb.dir/feature_tests.cxx.o  -o cmTC_ef4bb 
make[2]: Leaving directory '/data/data/io.neoterm/files/home/ncc/build/CMakeFiles/CMakeTmp'
make[1]: Leaving directory '/data/data/io.neoterm/files/home/ncc/build/CMakeFiles/CMakeTmp'


    Feature record: CXX_FEATURE:0cxx_aggregate_default_initializers
    Feature record: CXX_FEATURE:0cxx_alias_templates
    Feature record: CXX_FEATURE:0cxx_alignas
    Feature record: CXX_FEATURE:0cxx_alignof
    Feature record: CXX_FEATURE:0cxx_attributes
    Feature record: CXX_FEATURE:0cxx_attribute_deprecated
    Feature record: CXX_FEATURE:0cxx_auto_type
    Feature record: CXX_FEATURE:0cxx_binary_literals
    Feature record: CXX_FEATURE:0cxx_constexpr
    Feature record: CXX_FEATURE:0cxx_contextual_conversions
    Feature record: CXX_FEATURE:0cxx_decltype
    Feature record: CXX_FEATURE:0cxx_decltype_auto
    Feature record: CXX_FEATURE:0cxx_decltype_incomplete_return_types
    Feature record: CXX_FEATURE:0cxx_default_function_template_args
    Feature record: CXX_FEATURE:0cxx_defaulted_functions
    Feature record: CXX_FEATURE:0cxx_defaulted_move_initializers
    Feature record: CXX_FEATURE:0cxx_delegating_constructors
    Feature record: CXX_FEATURE:0cxx_deleted_functions
    Feature record: CXX_FEATURE:0cxx_digit_separators
    Feature record: CXX_FEATURE:0cxx_enum_forward_declarations
    Feature record: CXX_FEATURE:0cxx_explicit_conversions
    Feature record: CXX_FEATURE:0cxx_extended_friend_declarations
    Feature record: CXX_FEATURE:0cxx_extern_templates
    Feature record: CXX_FEATURE:0cxx_final
    Feature record: CXX_FEATURE:0cxx_func_identifier
    Feature record: CXX_FEATURE:0cxx_generalized_initializers
    Feature record: CXX_FEATURE:0cxx_generic_lambdas
    Feature record: CXX_FEATURE:0cxx_inheriting_constructors
    Feature record: CXX_FEATURE:0cxx_inline_namespaces
    Feature record: CXX_FEATURE:0cxx_lambdas
    Feature record: CXX_FEATURE:0cxx_lambda_init_captures
    Feature record: CXX_FEATURE:0cxx_local_type_template_args
    Feature record: CXX_FEATURE:0cxx_long_long_type
    Feature record: CXX_FEATURE:0cxx_noexcept
    Feature record: CXX_FEATURE:0cxx_nonstatic_member_init
    Feature record: CXX_FEATURE:0cxx_nullptr
    Feature record: CXX_FEATURE:0cxx_override
    Feature record: CXX_FEATURE:0cxx_range_for
    Feature record: CXX_FEATURE:0cxx_raw_string_literals
    Feature record: CXX_FEATURE:0cxx_reference_qualified_functions
    Feature record: CXX_FEATURE:0cxx_relaxed_constexpr
    Feature record: CXX_FEATURE:0cxx_return_type_deduction
    Feature record: CXX_FEATURE:0cxx_right_angle_brackets
    Feature record: CXX_FEATURE:0cxx_rvalue_references
    Feature record: CXX_FEATURE:0cxx_sizeof_member
    Feature record: CXX_FEATURE:0cxx_static_assert
    Feature record: CXX_FEATURE:0cxx_strong_enums
    Feature record: CXX_FEATURE:1cxx_template_template_parameters
    Feature record: CXX_FEATURE:0cxx_thread_local
    Feature record: CXX_FEATURE:0cxx_trailing_return_types
    Feature record: CXX_FEATURE:0cxx_unicode_literals
    Feature record: CXX_FEATURE:0cxx_uniform_initialization
    Feature record: CXX_FEATURE:0cxx_unrestricted_unions
    Feature record: CXX_FEATURE:0cxx_user_literals
    Feature record: CXX_FEATURE:0cxx_variable_templates
    Feature record: CXX_FEATURE:0cxx_variadic_macros
    Feature record: CXX_FEATURE:0cxx_variadic_templates
